<?xml version="1.0" encoding="UTF-8"?>
<!-- Generated by org.testng.reporters.JUnitXMLReporter -->
<testsuite ignored="4" hostname="MSI" failures="0" tests="1" name="Default test" time="4.927" errors="0" timestamp="2025-04-21T13:23:52 IST">
  <testcase classname="apollohospitals.urology.tests.RequestCallBackFormTest" name="testPopupClosesOnClickingX" time="0.347"/>
  <testcase classname="apollohospitals.urology.tests.RequestCallBackFormTest" name="testMultipleCityDropdownSelections" time="0.0">
    <ignored/>
  </testcase> <!-- testMultipleCityDropdownSelections -->
  <testcase classname="apollohospitals.urology.tests.RequestCallBackFormTest" name="testFormHeaderIsVisible" time="0.0">
    <ignored/>
  </testcase> <!-- testFormHeaderIsVisible -->
  <testcase classname="apollohospitals.urology.tests.RequestCallBackFormTest" name="testTabSwitching" time="0.0">
    <ignored/>
  </testcase> <!-- testTabSwitching -->
  <testcase classname="apollohospitals.urology.tests.RequestCallBackFormTest" name="testAllFieldValidations" time="0.0">
    <ignored/>
  </testcase> <!-- testAllFieldValidations -->
</testsuite> <!-- Default test -->
